[01:05:01] [Craft Scheduler Thread - 61/INFO]: [Vault] Checking for Updates ... 
[01:05:04] [Craft Scheduler Thread - 61/INFO]: [Vault] No new version available
[07:05:00] [Craft Scheduler Thread - 109/INFO]: [Vault] Checking for Updates ... 
[07:05:03] [Craft Scheduler Thread - 109/INFO]: [Vault] No new version available
[07:51:35] [User Authenticator #7/INFO]: UUID of player noghristealth is 71ad6823-9cbb-4a3e-8661-11d1fcc12078
[07:51:35] [Server thread/INFO]: noghristealth[/69.174.136.197:50230] logged in with entity id 19396 at ([world]-752.7794230616403, 175.0, -522.6444897160753)
[07:51:44] [Server thread/INFO]: noghristealth issued server command: /back
[07:52:41] [Server thread/ERROR]: Could not pass event PlayerInteractEvent to Factions v1.6.9.5-U0.2.1-RC-1.6.2-RC-2.5-RC-6
org.bukkit.event.EventException: null
	at org.bukkit.plugin.java.JavaPluginLoader$1.execute(JavaPluginLoader.java:320) ~[spigot-1.14.4.jar:git-Spigot-798ea6a-368f4e9]
	at org.bukkit.plugin.RegisteredListener.callEvent(RegisteredListener.java:70) ~[spigot-1.14.4.jar:git-Spigot-798ea6a-368f4e9]
	at org.bukkit.plugin.SimplePluginManager.fireEvent(SimplePluginManager.java:529) ~[spigot-1.14.4.jar:git-Spigot-798ea6a-368f4e9]
	at org.bukkit.plugin.SimplePluginManager.callEvent(SimplePluginManager.java:514) ~[spigot-1.14.4.jar:git-Spigot-798ea6a-368f4e9]
	at org.bukkit.craftbukkit.v1_14_R1.event.CraftEventFactory.callPlayerInteractEvent(CraftEventFactory.java:429) ~[spigot-1.14.4.jar:git-Spigot-798ea6a-368f4e9]
	at net.minecraft.server.v1_14_R1.PlayerInteractManager.a(PlayerInteractManager.java:432) ~[spigot-1.14.4.jar:git-Spigot-798ea6a-368f4e9]
	at net.minecraft.server.v1_14_R1.PlayerConnection.a(PlayerConnection.java:1238) ~[spigot-1.14.4.jar:git-Spigot-798ea6a-368f4e9]
	at net.minecraft.server.v1_14_R1.PacketPlayInUseItem.a(PacketPlayInUseItem.java:27) ~[spigot-1.14.4.jar:git-Spigot-798ea6a-368f4e9]
	at net.minecraft.server.v1_14_R1.PacketPlayInUseItem.a(PacketPlayInUseItem.java:1) ~[spigot-1.14.4.jar:git-Spigot-798ea6a-368f4e9]
	at net.minecraft.server.v1_14_R1.PlayerConnectionUtils.lambda$0(PlayerConnectionUtils.java:19) ~[spigot-1.14.4.jar:git-Spigot-798ea6a-368f4e9]
	at net.minecraft.server.v1_14_R1.TickTask.run(SourceFile:18) [spigot-1.14.4.jar:git-Spigot-798ea6a-368f4e9]
	at net.minecraft.server.v1_14_R1.IAsyncTaskHandler.executeTask(SourceFile:144) [spigot-1.14.4.jar:git-Spigot-798ea6a-368f4e9]
	at net.minecraft.server.v1_14_R1.IAsyncTaskHandlerReentrant.executeTask(SourceFile:23) [spigot-1.14.4.jar:git-Spigot-798ea6a-368f4e9]
	at net.minecraft.server.v1_14_R1.IAsyncTaskHandler.executeNext(SourceFile:118) [spigot-1.14.4.jar:git-Spigot-798ea6a-368f4e9]
	at net.minecraft.server.v1_14_R1.MinecraftServer.aX(MinecraftServer.java:909) [spigot-1.14.4.jar:git-Spigot-798ea6a-368f4e9]
	at net.minecraft.server.v1_14_R1.MinecraftServer.executeNext(MinecraftServer.java:902) [spigot-1.14.4.jar:git-Spigot-798ea6a-368f4e9]
	at net.minecraft.server.v1_14_R1.IAsyncTaskHandler.awaitTasks(SourceFile:127) [spigot-1.14.4.jar:git-Spigot-798ea6a-368f4e9]
	at net.minecraft.server.v1_14_R1.MinecraftServer.sleepForTick(MinecraftServer.java:886) [spigot-1.14.4.jar:git-Spigot-798ea6a-368f4e9]
	at net.minecraft.server.v1_14_R1.MinecraftServer.run(MinecraftServer.java:819) [spigot-1.14.4.jar:git-Spigot-798ea6a-368f4e9]
	at java.lang.Thread.run(Thread.java:748) [?:1.8.0_201]
Caused by: java.lang.NullPointerException
[07:52:41] [Server thread/ERROR]: Could not pass event PlayerInteractEvent to Factions v1.6.9.5-U0.2.1-RC-1.6.2-RC-2.5-RC-6
org.bukkit.event.EventException: null
	at org.bukkit.plugin.java.JavaPluginLoader$1.execute(JavaPluginLoader.java:320) ~[spigot-1.14.4.jar:git-Spigot-798ea6a-368f4e9]
	at org.bukkit.plugin.RegisteredListener.callEvent(RegisteredListener.java:70) ~[spigot-1.14.4.jar:git-Spigot-798ea6a-368f4e9]
	at org.bukkit.plugin.SimplePluginManager.fireEvent(SimplePluginManager.java:529) ~[spigot-1.14.4.jar:git-Spigot-798ea6a-368f4e9]
	at org.bukkit.plugin.SimplePluginManager.callEvent(SimplePluginManager.java:514) ~[spigot-1.14.4.jar:git-Spigot-798ea6a-368f4e9]
	at org.bukkit.craftbukkit.v1_14_R1.event.CraftEventFactory.callPlayerInteractEvent(CraftEventFactory.java:429) ~[spigot-1.14.4.jar:git-Spigot-798ea6a-368f4e9]
	at net.minecraft.server.v1_14_R1.PlayerInteractManager.a(PlayerInteractManager.java:432) ~[spigot-1.14.4.jar:git-Spigot-798ea6a-368f4e9]
	at net.minecraft.server.v1_14_R1.PlayerConnection.a(PlayerConnection.java:1238) ~[spigot-1.14.4.jar:git-Spigot-798ea6a-368f4e9]
	at net.minecraft.server.v1_14_R1.PacketPlayInUseItem.a(PacketPlayInUseItem.java:27) ~[spigot-1.14.4.jar:git-Spigot-798ea6a-368f4e9]
	at net.minecraft.server.v1_14_R1.PacketPlayInUseItem.a(PacketPlayInUseItem.java:1) ~[spigot-1.14.4.jar:git-Spigot-798ea6a-368f4e9]
	at net.minecraft.server.v1_14_R1.PlayerConnectionUtils.lambda$0(PlayerConnectionUtils.java:19) ~[spigot-1.14.4.jar:git-Spigot-798ea6a-368f4e9]
	at net.minecraft.server.v1_14_R1.TickTask.run(SourceFile:18) [spigot-1.14.4.jar:git-Spigot-798ea6a-368f4e9]
	at net.minecraft.server.v1_14_R1.IAsyncTaskHandler.executeTask(SourceFile:144) [spigot-1.14.4.jar:git-Spigot-798ea6a-368f4e9]
	at net.minecraft.server.v1_14_R1.IAsyncTaskHandlerReentrant.executeTask(SourceFile:23) [spigot-1.14.4.jar:git-Spigot-798ea6a-368f4e9]
	at net.minecraft.server.v1_14_R1.IAsyncTaskHandler.executeNext(SourceFile:118) [spigot-1.14.4.jar:git-Spigot-798ea6a-368f4e9]
	at net.minecraft.server.v1_14_R1.MinecraftServer.aX(MinecraftServer.java:909) [spigot-1.14.4.jar:git-Spigot-798ea6a-368f4e9]
	at net.minecraft.server.v1_14_R1.MinecraftServer.executeNext(MinecraftServer.java:902) [spigot-1.14.4.jar:git-Spigot-798ea6a-368f4e9]
	at net.minecraft.server.v1_14_R1.IAsyncTaskHandler.awaitTasks(SourceFile:127) [spigot-1.14.4.jar:git-Spigot-798ea6a-368f4e9]
	at net.minecraft.server.v1_14_R1.MinecraftServer.sleepForTick(MinecraftServer.java:886) [spigot-1.14.4.jar:git-Spigot-798ea6a-368f4e9]
	at net.minecraft.server.v1_14_R1.MinecraftServer.run(MinecraftServer.java:819) [spigot-1.14.4.jar:git-Spigot-798ea6a-368f4e9]
	at java.lang.Thread.run(Thread.java:748) [?:1.8.0_201]
Caused by: java.lang.NullPointerException
[07:52:42] [Server thread/ERROR]: Could not pass event PlayerInteractEvent to Factions v1.6.9.5-U0.2.1-RC-1.6.2-RC-2.5-RC-6
org.bukkit.event.EventException: null
	at org.bukkit.plugin.java.JavaPluginLoader$1.execute(JavaPluginLoader.java:320) ~[spigot-1.14.4.jar:git-Spigot-798ea6a-368f4e9]
	at org.bukkit.plugin.RegisteredListener.callEvent(RegisteredListener.java:70) ~[spigot-1.14.4.jar:git-Spigot-798ea6a-368f4e9]
	at org.bukkit.plugin.SimplePluginManager.fireEvent(SimplePluginManager.java:529) ~[spigot-1.14.4.jar:git-Spigot-798ea6a-368f4e9]
	at org.bukkit.plugin.SimplePluginManager.callEvent(SimplePluginManager.java:514) ~[spigot-1.14.4.jar:git-Spigot-798ea6a-368f4e9]
	at org.bukkit.craftbukkit.v1_14_R1.event.CraftEventFactory.callPlayerInteractEvent(CraftEventFactory.java:429) ~[spigot-1.14.4.jar:git-Spigot-798ea6a-368f4e9]
	at net.minecraft.server.v1_14_R1.PlayerInteractManager.a(PlayerInteractManager.java:432) ~[spigot-1.14.4.jar:git-Spigot-798ea6a-368f4e9]
	at net.minecraft.server.v1_14_R1.PlayerConnection.a(PlayerConnection.java:1238) ~[spigot-1.14.4.jar:git-Spigot-798ea6a-368f4e9]
	at net.minecraft.server.v1_14_R1.PacketPlayInUseItem.a(PacketPlayInUseItem.java:27) ~[spigot-1.14.4.jar:git-Spigot-798ea6a-368f4e9]
	at net.minecraft.server.v1_14_R1.PacketPlayInUseItem.a(PacketPlayInUseItem.java:1) ~[spigot-1.14.4.jar:git-Spigot-798ea6a-368f4e9]
	at net.minecraft.server.v1_14_R1.PlayerConnectionUtils.lambda$0(PlayerConnectionUtils.java:19) ~[spigot-1.14.4.jar:git-Spigot-798ea6a-368f4e9]
	at net.minecraft.server.v1_14_R1.TickTask.run(SourceFile:18) [spigot-1.14.4.jar:git-Spigot-798ea6a-368f4e9]
	at net.minecraft.server.v1_14_R1.IAsyncTaskHandler.executeTask(SourceFile:144) [spigot-1.14.4.jar:git-Spigot-798ea6a-368f4e9]
	at net.minecraft.server.v1_14_R1.IAsyncTaskHandlerReentrant.executeTask(SourceFile:23) [spigot-1.14.4.jar:git-Spigot-798ea6a-368f4e9]
	at net.minecraft.server.v1_14_R1.IAsyncTaskHandler.executeNext(SourceFile:118) [spigot-1.14.4.jar:git-Spigot-798ea6a-368f4e9]
	at net.minecraft.server.v1_14_R1.MinecraftServer.aX(MinecraftServer.java:909) [spigot-1.14.4.jar:git-Spigot-798ea6a-368f4e9]
	at net.minecraft.server.v1_14_R1.MinecraftServer.executeNext(MinecraftServer.java:902) [spigot-1.14.4.jar:git-Spigot-798ea6a-368f4e9]
	at net.minecraft.server.v1_14_R1.IAsyncTaskHandler.awaitTasks(SourceFile:127) [spigot-1.14.4.jar:git-Spigot-798ea6a-368f4e9]
	at net.minecraft.server.v1_14_R1.MinecraftServer.sleepForTick(MinecraftServer.java:886) [spigot-1.14.4.jar:git-Spigot-798ea6a-368f4e9]
	at net.minecraft.server.v1_14_R1.MinecraftServer.run(MinecraftServer.java:819) [spigot-1.14.4.jar:git-Spigot-798ea6a-368f4e9]
	at java.lang.Thread.run(Thread.java:748) [?:1.8.0_201]
Caused by: java.lang.NullPointerException
[07:56:34] [Server thread/INFO]: noghristealth lost connection: Disconnected
[07:56:34] [Server thread/INFO]: noghristealth left the game
[07:59:28] [User Authenticator #8/INFO]: UUID of player noghristealth is 71ad6823-9cbb-4a3e-8661-11d1fcc12078
[07:59:29] [Server thread/INFO]: noghristealth[/69.174.136.197:50297] logged in with entity id 20371 at ([world_the_end]-2639.254063081854, 59.0, -1267.7616897371643)
[08:01:45] [Server thread/INFO]: noghristealth issued server command: /home
[08:01:59] [Server thread/INFO]: noghristealth issued server command: /back
[08:06:15] [Server thread/INFO]: CONSOLE issued server command: /list 
[08:06:15] [Server thread/INFO]: [0;33;22mThere are [0;31;1m1[0;33;22m out of maximum [0;31;1m100[0;33;22m players online.[m
[08:06:15] [Server thread/INFO]: [0;33;22mdefault[m: noghristealth[0;37;1m[m
[08:14:00] [Server thread/ERROR]: Could not pass event PlayerInteractEvent to Factions v1.6.9.5-U0.2.1-RC-1.6.2-RC-2.5-RC-6
org.bukkit.event.EventException: null
	at org.bukkit.plugin.java.JavaPluginLoader$1.execute(JavaPluginLoader.java:320) ~[spigot-1.14.4.jar:git-Spigot-798ea6a-368f4e9]
	at org.bukkit.plugin.RegisteredListener.callEvent(RegisteredListener.java:70) ~[spigot-1.14.4.jar:git-Spigot-798ea6a-368f4e9]
	at org.bukkit.plugin.SimplePluginManager.fireEvent(SimplePluginManager.java:529) ~[spigot-1.14.4.jar:git-Spigot-798ea6a-368f4e9]
	at org.bukkit.plugin.SimplePluginManager.callEvent(SimplePluginManager.java:514) ~[spigot-1.14.4.jar:git-Spigot-798ea6a-368f4e9]
	at org.bukkit.craftbukkit.v1_14_R1.event.CraftEventFactory.callPlayerInteractEvent(CraftEventFactory.java:429) ~[spigot-1.14.4.jar:git-Spigot-798ea6a-368f4e9]
	at net.minecraft.server.v1_14_R1.PlayerInteractManager.a(PlayerInteractManager.java:432) ~[spigot-1.14.4.jar:git-Spigot-798ea6a-368f4e9]
	at net.minecraft.server.v1_14_R1.PlayerConnection.a(PlayerConnection.java:1238) ~[spigot-1.14.4.jar:git-Spigot-798ea6a-368f4e9]
	at net.minecraft.server.v1_14_R1.PacketPlayInUseItem.a(PacketPlayInUseItem.java:27) ~[spigot-1.14.4.jar:git-Spigot-798ea6a-368f4e9]
	at net.minecraft.server.v1_14_R1.PacketPlayInUseItem.a(PacketPlayInUseItem.java:1) ~[spigot-1.14.4.jar:git-Spigot-798ea6a-368f4e9]
	at net.minecraft.server.v1_14_R1.PlayerConnectionUtils.lambda$0(PlayerConnectionUtils.java:19) ~[spigot-1.14.4.jar:git-Spigot-798ea6a-368f4e9]
	at net.minecraft.server.v1_14_R1.TickTask.run(SourceFile:18) [spigot-1.14.4.jar:git-Spigot-798ea6a-368f4e9]
	at net.minecraft.server.v1_14_R1.IAsyncTaskHandler.executeTask(SourceFile:144) [spigot-1.14.4.jar:git-Spigot-798ea6a-368f4e9]
	at net.minecraft.server.v1_14_R1.IAsyncTaskHandlerReentrant.executeTask(SourceFile:23) [spigot-1.14.4.jar:git-Spigot-798ea6a-368f4e9]
	at net.minecraft.server.v1_14_R1.IAsyncTaskHandler.executeNext(SourceFile:118) [spigot-1.14.4.jar:git-Spigot-798ea6a-368f4e9]
	at net.minecraft.server.v1_14_R1.MinecraftServer.aX(MinecraftServer.java:909) [spigot-1.14.4.jar:git-Spigot-798ea6a-368f4e9]
	at net.minecraft.server.v1_14_R1.MinecraftServer.executeNext(MinecraftServer.java:902) [spigot-1.14.4.jar:git-Spigot-798ea6a-368f4e9]
	at net.minecraft.server.v1_14_R1.IAsyncTaskHandler.awaitTasks(SourceFile:127) [spigot-1.14.4.jar:git-Spigot-798ea6a-368f4e9]
	at net.minecraft.server.v1_14_R1.MinecraftServer.sleepForTick(MinecraftServer.java:886) [spigot-1.14.4.jar:git-Spigot-798ea6a-368f4e9]
	at net.minecraft.server.v1_14_R1.MinecraftServer.run(MinecraftServer.java:819) [spigot-1.14.4.jar:git-Spigot-798ea6a-368f4e9]
	at java.lang.Thread.run(Thread.java:748) [?:1.8.0_201]
Caused by: java.lang.NullPointerException
[08:14:01] [Server thread/ERROR]: Could not pass event PlayerInteractEvent to Factions v1.6.9.5-U0.2.1-RC-1.6.2-RC-2.5-RC-6
org.bukkit.event.EventException: null
	at org.bukkit.plugin.java.JavaPluginLoader$1.execute(JavaPluginLoader.java:320) ~[spigot-1.14.4.jar:git-Spigot-798ea6a-368f4e9]
	at org.bukkit.plugin.RegisteredListener.callEvent(RegisteredListener.java:70) ~[spigot-1.14.4.jar:git-Spigot-798ea6a-368f4e9]
	at org.bukkit.plugin.SimplePluginManager.fireEvent(SimplePluginManager.java:529) ~[spigot-1.14.4.jar:git-Spigot-798ea6a-368f4e9]
	at org.bukkit.plugin.SimplePluginManager.callEvent(SimplePluginManager.java:514) ~[spigot-1.14.4.jar:git-Spigot-798ea6a-368f4e9]
	at org.bukkit.craftbukkit.v1_14_R1.event.CraftEventFactory.callPlayerInteractEvent(CraftEventFactory.java:429) ~[spigot-1.14.4.jar:git-Spigot-798ea6a-368f4e9]
	at net.minecraft.server.v1_14_R1.PlayerInteractManager.a(PlayerInteractManager.java:432) ~[spigot-1.14.4.jar:git-Spigot-798ea6a-368f4e9]
	at net.minecraft.server.v1_14_R1.PlayerConnection.a(PlayerConnection.java:1238) ~[spigot-1.14.4.jar:git-Spigot-798ea6a-368f4e9]
	at net.minecraft.server.v1_14_R1.PacketPlayInUseItem.a(PacketPlayInUseItem.java:27) ~[spigot-1.14.4.jar:git-Spigot-798ea6a-368f4e9]
	at net.minecraft.server.v1_14_R1.PacketPlayInUseItem.a(PacketPlayInUseItem.java:1) ~[spigot-1.14.4.jar:git-Spigot-798ea6a-368f4e9]
	at net.minecraft.server.v1_14_R1.PlayerConnectionUtils.lambda$0(PlayerConnectionUtils.java:19) ~[spigot-1.14.4.jar:git-Spigot-798ea6a-368f4e9]
	at net.minecraft.server.v1_14_R1.TickTask.run(SourceFile:18) [spigot-1.14.4.jar:git-Spigot-798ea6a-368f4e9]
	at net.minecraft.server.v1_14_R1.IAsyncTaskHandler.executeTask(SourceFile:144) [spigot-1.14.4.jar:git-Spigot-798ea6a-368f4e9]
	at net.minecraft.server.v1_14_R1.IAsyncTaskHandlerReentrant.executeTask(SourceFile:23) [spigot-1.14.4.jar:git-Spigot-798ea6a-368f4e9]
	at net.minecraft.server.v1_14_R1.IAsyncTaskHandler.executeNext(SourceFile:118) [spigot-1.14.4.jar:git-Spigot-798ea6a-368f4e9]
	at net.minecraft.server.v1_14_R1.MinecraftServer.aX(MinecraftServer.java:909) [spigot-1.14.4.jar:git-Spigot-798ea6a-368f4e9]
	at net.minecraft.server.v1_14_R1.MinecraftServer.executeNext(MinecraftServer.java:902) [spigot-1.14.4.jar:git-Spigot-798ea6a-368f4e9]
	at net.minecraft.server.v1_14_R1.IAsyncTaskHandler.executeAll(SourceFile:103) [spigot-1.14.4.jar:git-Spigot-798ea6a-368f4e9]
	at net.minecraft.server.v1_14_R1.MinecraftServer.sleepForTick(MinecraftServer.java:885) [spigot-1.14.4.jar:git-Spigot-798ea6a-368f4e9]
	at net.minecraft.server.v1_14_R1.MinecraftServer.run(MinecraftServer.java:819) [spigot-1.14.4.jar:git-Spigot-798ea6a-368f4e9]
	at java.lang.Thread.run(Thread.java:748) [?:1.8.0_201]
Caused by: java.lang.NullPointerException
[08:15:31] [Server thread/INFO]: noghristealth issued server command: /home
[08:15:36] [Server thread/ERROR]: Could not pass event PlayerInteractEvent to Factions v1.6.9.5-U0.2.1-RC-1.6.2-RC-2.5-RC-6
org.bukkit.event.EventException: null
	at org.bukkit.plugin.java.JavaPluginLoader$1.execute(JavaPluginLoader.java:320) ~[spigot-1.14.4.jar:git-Spigot-798ea6a-368f4e9]
	at org.bukkit.plugin.RegisteredListener.callEvent(RegisteredListener.java:70) ~[spigot-1.14.4.jar:git-Spigot-798ea6a-368f4e9]
	at org.bukkit.plugin.SimplePluginManager.fireEvent(SimplePluginManager.java:529) ~[spigot-1.14.4.jar:git-Spigot-798ea6a-368f4e9]
	at org.bukkit.plugin.SimplePluginManager.callEvent(SimplePluginManager.java:514) ~[spigot-1.14.4.jar:git-Spigot-798ea6a-368f4e9]
	at org.bukkit.craftbukkit.v1_14_R1.event.CraftEventFactory.callPlayerInteractEvent(CraftEventFactory.java:429) ~[spigot-1.14.4.jar:git-Spigot-798ea6a-368f4e9]
	at net.minecraft.server.v1_14_R1.PlayerInteractManager.a(PlayerInteractManager.java:432) ~[spigot-1.14.4.jar:git-Spigot-798ea6a-368f4e9]
	at net.minecraft.server.v1_14_R1.PlayerConnection.a(PlayerConnection.java:1238) ~[spigot-1.14.4.jar:git-Spigot-798ea6a-368f4e9]
	at net.minecraft.server.v1_14_R1.PacketPlayInUseItem.a(PacketPlayInUseItem.java:27) ~[spigot-1.14.4.jar:git-Spigot-798ea6a-368f4e9]
	at net.minecraft.server.v1_14_R1.PacketPlayInUseItem.a(PacketPlayInUseItem.java:1) ~[spigot-1.14.4.jar:git-Spigot-798ea6a-368f4e9]
	at net.minecraft.server.v1_14_R1.PlayerConnectionUtils.lambda$0(PlayerConnectionUtils.java:19) ~[spigot-1.14.4.jar:git-Spigot-798ea6a-368f4e9]
	at net.minecraft.server.v1_14_R1.TickTask.run(SourceFile:18) [spigot-1.14.4.jar:git-Spigot-798ea6a-368f4e9]
	at net.minecraft.server.v1_14_R1.IAsyncTaskHandler.executeTask(SourceFile:144) [spigot-1.14.4.jar:git-Spigot-798ea6a-368f4e9]
	at net.minecraft.server.v1_14_R1.IAsyncTaskHandlerReentrant.executeTask(SourceFile:23) [spigot-1.14.4.jar:git-Spigot-798ea6a-368f4e9]
	at net.minecraft.server.v1_14_R1.IAsyncTaskHandler.executeNext(SourceFile:118) [spigot-1.14.4.jar:git-Spigot-798ea6a-368f4e9]
	at net.minecraft.server.v1_14_R1.MinecraftServer.aX(MinecraftServer.java:909) [spigot-1.14.4.jar:git-Spigot-798ea6a-368f4e9]
	at net.minecraft.server.v1_14_R1.MinecraftServer.executeNext(MinecraftServer.java:902) [spigot-1.14.4.jar:git-Spigot-798ea6a-368f4e9]
	at net.minecraft.server.v1_14_R1.IAsyncTaskHandler.executeAll(SourceFile:103) [spigot-1.14.4.jar:git-Spigot-798ea6a-368f4e9]
	at net.minecraft.server.v1_14_R1.MinecraftServer.sleepForTick(MinecraftServer.java:885) [spigot-1.14.4.jar:git-Spigot-798ea6a-368f4e9]
	at net.minecraft.server.v1_14_R1.MinecraftServer.run(MinecraftServer.java:819) [spigot-1.14.4.jar:git-Spigot-798ea6a-368f4e9]
	at java.lang.Thread.run(Thread.java:748) [?:1.8.0_201]
Caused by: java.lang.NullPointerException
[08:15:43] [Server thread/INFO]: noghristealth issued server command: /back
[08:19:25] [Server thread/INFO]: [Server] Server Restarting at 11:30
[08:23:23] [Server thread/ERROR]: Could not pass event PlayerInteractEvent to Factions v1.6.9.5-U0.2.1-RC-1.6.2-RC-2.5-RC-6
org.bukkit.event.EventException: null
	at org.bukkit.plugin.java.JavaPluginLoader$1.execute(JavaPluginLoader.java:320) ~[spigot-1.14.4.jar:git-Spigot-798ea6a-368f4e9]
	at org.bukkit.plugin.RegisteredListener.callEvent(RegisteredListener.java:70) ~[spigot-1.14.4.jar:git-Spigot-798ea6a-368f4e9]
	at org.bukkit.plugin.SimplePluginManager.fireEvent(SimplePluginManager.java:529) ~[spigot-1.14.4.jar:git-Spigot-798ea6a-368f4e9]
	at org.bukkit.plugin.SimplePluginManager.callEvent(SimplePluginManager.java:514) ~[spigot-1.14.4.jar:git-Spigot-798ea6a-368f4e9]
	at org.bukkit.craftbukkit.v1_14_R1.event.CraftEventFactory.callPlayerInteractEvent(CraftEventFactory.java:429) ~[spigot-1.14.4.jar:git-Spigot-798ea6a-368f4e9]
	at net.minecraft.server.v1_14_R1.PlayerInteractManager.a(PlayerInteractManager.java:432) ~[spigot-1.14.4.jar:git-Spigot-798ea6a-368f4e9]
	at net.minecraft.server.v1_14_R1.PlayerConnection.a(PlayerConnection.java:1238) ~[spigot-1.14.4.jar:git-Spigot-798ea6a-368f4e9]
	at net.minecraft.server.v1_14_R1.PacketPlayInUseItem.a(PacketPlayInUseItem.java:27) ~[spigot-1.14.4.jar:git-Spigot-798ea6a-368f4e9]
	at net.minecraft.server.v1_14_R1.PacketPlayInUseItem.a(PacketPlayInUseItem.java:1) ~[spigot-1.14.4.jar:git-Spigot-798ea6a-368f4e9]
	at net.minecraft.server.v1_14_R1.PlayerConnectionUtils.lambda$0(PlayerConnectionUtils.java:19) ~[spigot-1.14.4.jar:git-Spigot-798ea6a-368f4e9]
	at net.minecraft.server.v1_14_R1.TickTask.run(SourceFile:18) [spigot-1.14.4.jar:git-Spigot-798ea6a-368f4e9]
	at net.minecraft.server.v1_14_R1.IAsyncTaskHandler.executeTask(SourceFile:144) [spigot-1.14.4.jar:git-Spigot-798ea6a-368f4e9]
	at net.minecraft.server.v1_14_R1.IAsyncTaskHandlerReentrant.executeTask(SourceFile:23) [spigot-1.14.4.jar:git-Spigot-798ea6a-368f4e9]
	at net.minecraft.server.v1_14_R1.IAsyncTaskHandler.executeNext(SourceFile:118) [spigot-1.14.4.jar:git-Spigot-798ea6a-368f4e9]
	at net.minecraft.server.v1_14_R1.MinecraftServer.aX(MinecraftServer.java:909) [spigot-1.14.4.jar:git-Spigot-798ea6a-368f4e9]
	at net.minecraft.server.v1_14_R1.MinecraftServer.executeNext(MinecraftServer.java:902) [spigot-1.14.4.jar:git-Spigot-798ea6a-368f4e9]
	at net.minecraft.server.v1_14_R1.IAsyncTaskHandler.awaitTasks(SourceFile:127) [spigot-1.14.4.jar:git-Spigot-798ea6a-368f4e9]
	at net.minecraft.server.v1_14_R1.MinecraftServer.sleepForTick(MinecraftServer.java:886) [spigot-1.14.4.jar:git-Spigot-798ea6a-368f4e9]
	at net.minecraft.server.v1_14_R1.MinecraftServer.run(MinecraftServer.java:819) [spigot-1.14.4.jar:git-Spigot-798ea6a-368f4e9]
	at java.lang.Thread.run(Thread.java:748) [?:1.8.0_201]
Caused by: java.lang.NullPointerException
[08:23:26] [Server thread/ERROR]: Could not pass event PlayerInteractEvent to Factions v1.6.9.5-U0.2.1-RC-1.6.2-RC-2.5-RC-6
org.bukkit.event.EventException: null
	at org.bukkit.plugin.java.JavaPluginLoader$1.execute(JavaPluginLoader.java:320) ~[spigot-1.14.4.jar:git-Spigot-798ea6a-368f4e9]
	at org.bukkit.plugin.RegisteredListener.callEvent(RegisteredListener.java:70) ~[spigot-1.14.4.jar:git-Spigot-798ea6a-368f4e9]
	at org.bukkit.plugin.SimplePluginManager.fireEvent(SimplePluginManager.java:529) ~[spigot-1.14.4.jar:git-Spigot-798ea6a-368f4e9]
	at org.bukkit.plugin.SimplePluginManager.callEvent(SimplePluginManager.java:514) ~[spigot-1.14.4.jar:git-Spigot-798ea6a-368f4e9]
	at org.bukkit.craftbukkit.v1_14_R1.event.CraftEventFactory.callPlayerInteractEvent(CraftEventFactory.java:429) ~[spigot-1.14.4.jar:git-Spigot-798ea6a-368f4e9]
	at net.minecraft.server.v1_14_R1.PlayerInteractManager.a(PlayerInteractManager.java:432) ~[spigot-1.14.4.jar:git-Spigot-798ea6a-368f4e9]
	at net.minecraft.server.v1_14_R1.PlayerConnection.a(PlayerConnection.java:1238) ~[spigot-1.14.4.jar:git-Spigot-798ea6a-368f4e9]
	at net.minecraft.server.v1_14_R1.PacketPlayInUseItem.a(PacketPlayInUseItem.java:27) ~[spigot-1.14.4.jar:git-Spigot-798ea6a-368f4e9]
	at net.minecraft.server.v1_14_R1.PacketPlayInUseItem.a(PacketPlayInUseItem.java:1) ~[spigot-1.14.4.jar:git-Spigot-798ea6a-368f4e9]
	at net.minecraft.server.v1_14_R1.PlayerConnectionUtils.lambda$0(PlayerConnectionUtils.java:19) ~[spigot-1.14.4.jar:git-Spigot-798ea6a-368f4e9]
	at net.minecraft.server.v1_14_R1.TickTask.run(SourceFile:18) [spigot-1.14.4.jar:git-Spigot-798ea6a-368f4e9]
	at net.minecraft.server.v1_14_R1.IAsyncTaskHandler.executeTask(SourceFile:144) [spigot-1.14.4.jar:git-Spigot-798ea6a-368f4e9]
	at net.minecraft.server.v1_14_R1.IAsyncTaskHandlerReentrant.executeTask(SourceFile:23) [spigot-1.14.4.jar:git-Spigot-798ea6a-368f4e9]
	at net.minecraft.server.v1_14_R1.IAsyncTaskHandler.executeNext(SourceFile:118) [spigot-1.14.4.jar:git-Spigot-798ea6a-368f4e9]
	at net.minecraft.server.v1_14_R1.MinecraftServer.aX(MinecraftServer.java:909) [spigot-1.14.4.jar:git-Spigot-798ea6a-368f4e9]
	at net.minecraft.server.v1_14_R1.MinecraftServer.executeNext(MinecraftServer.java:902) [spigot-1.14.4.jar:git-Spigot-798ea6a-368f4e9]
	at net.minecraft.server.v1_14_R1.IAsyncTaskHandler.awaitTasks(SourceFile:127) [spigot-1.14.4.jar:git-Spigot-798ea6a-368f4e9]
	at net.minecraft.server.v1_14_R1.MinecraftServer.sleepForTick(MinecraftServer.java:886) [spigot-1.14.4.jar:git-Spigot-798ea6a-368f4e9]
	at net.minecraft.server.v1_14_R1.MinecraftServer.run(MinecraftServer.java:819) [spigot-1.14.4.jar:git-Spigot-798ea6a-368f4e9]
	at java.lang.Thread.run(Thread.java:748) [?:1.8.0_201]
Caused by: java.lang.NullPointerException
[08:27:32] [Server thread/ERROR]: Could not pass event PlayerInteractEvent to Factions v1.6.9.5-U0.2.1-RC-1.6.2-RC-2.5-RC-6
org.bukkit.event.EventException: null
	at org.bukkit.plugin.java.JavaPluginLoader$1.execute(JavaPluginLoader.java:320) ~[spigot-1.14.4.jar:git-Spigot-798ea6a-368f4e9]
	at org.bukkit.plugin.RegisteredListener.callEvent(RegisteredListener.java:70) ~[spigot-1.14.4.jar:git-Spigot-798ea6a-368f4e9]
	at org.bukkit.plugin.SimplePluginManager.fireEvent(SimplePluginManager.java:529) ~[spigot-1.14.4.jar:git-Spigot-798ea6a-368f4e9]
	at org.bukkit.plugin.SimplePluginManager.callEvent(SimplePluginManager.java:514) ~[spigot-1.14.4.jar:git-Spigot-798ea6a-368f4e9]
	at org.bukkit.craftbukkit.v1_14_R1.event.CraftEventFactory.callPlayerInteractEvent(CraftEventFactory.java:429) ~[spigot-1.14.4.jar:git-Spigot-798ea6a-368f4e9]
	at net.minecraft.server.v1_14_R1.PlayerInteractManager.a(PlayerInteractManager.java:432) ~[spigot-1.14.4.jar:git-Spigot-798ea6a-368f4e9]
	at net.minecraft.server.v1_14_R1.PlayerConnection.a(PlayerConnection.java:1238) ~[spigot-1.14.4.jar:git-Spigot-798ea6a-368f4e9]
	at net.minecraft.server.v1_14_R1.PacketPlayInUseItem.a(PacketPlayInUseItem.java:27) ~[spigot-1.14.4.jar:git-Spigot-798ea6a-368f4e9]
	at net.minecraft.server.v1_14_R1.PacketPlayInUseItem.a(PacketPlayInUseItem.java:1) ~[spigot-1.14.4.jar:git-Spigot-798ea6a-368f4e9]
	at net.minecraft.server.v1_14_R1.PlayerConnectionUtils.lambda$0(PlayerConnectionUtils.java:19) ~[spigot-1.14.4.jar:git-Spigot-798ea6a-368f4e9]
	at net.minecraft.server.v1_14_R1.TickTask.run(SourceFile:18) [spigot-1.14.4.jar:git-Spigot-798ea6a-368f4e9]
	at net.minecraft.server.v1_14_R1.IAsyncTaskHandler.executeTask(SourceFile:144) [spigot-1.14.4.jar:git-Spigot-798ea6a-368f4e9]
	at net.minecraft.server.v1_14_R1.IAsyncTaskHandlerReentrant.executeTask(SourceFile:23) [spigot-1.14.4.jar:git-Spigot-798ea6a-368f4e9]
	at net.minecraft.server.v1_14_R1.IAsyncTaskHandler.executeNext(SourceFile:118) [spigot-1.14.4.jar:git-Spigot-798ea6a-368f4e9]
	at net.minecraft.server.v1_14_R1.MinecraftServer.aX(MinecraftServer.java:909) [spigot-1.14.4.jar:git-Spigot-798ea6a-368f4e9]
	at net.minecraft.server.v1_14_R1.MinecraftServer.executeNext(MinecraftServer.java:902) [spigot-1.14.4.jar:git-Spigot-798ea6a-368f4e9]
	at net.minecraft.server.v1_14_R1.IAsyncTaskHandler.awaitTasks(SourceFile:127) [spigot-1.14.4.jar:git-Spigot-798ea6a-368f4e9]
	at net.minecraft.server.v1_14_R1.MinecraftServer.sleepForTick(MinecraftServer.java:886) [spigot-1.14.4.jar:git-Spigot-798ea6a-368f4e9]
	at net.minecraft.server.v1_14_R1.MinecraftServer.run(MinecraftServer.java:819) [spigot-1.14.4.jar:git-Spigot-798ea6a-368f4e9]
	at java.lang.Thread.run(Thread.java:748) [?:1.8.0_201]
Caused by: java.lang.NullPointerException
[08:29:20] [Server thread/ERROR]: Could not pass event PlayerInteractEvent to Factions v1.6.9.5-U0.2.1-RC-1.6.2-RC-2.5-RC-6
org.bukkit.event.EventException: null
	at org.bukkit.plugin.java.JavaPluginLoader$1.execute(JavaPluginLoader.java:320) ~[spigot-1.14.4.jar:git-Spigot-798ea6a-368f4e9]
	at org.bukkit.plugin.RegisteredListener.callEvent(RegisteredListener.java:70) ~[spigot-1.14.4.jar:git-Spigot-798ea6a-368f4e9]
	at org.bukkit.plugin.SimplePluginManager.fireEvent(SimplePluginManager.java:529) ~[spigot-1.14.4.jar:git-Spigot-798ea6a-368f4e9]
	at org.bukkit.plugin.SimplePluginManager.callEvent(SimplePluginManager.java:514) ~[spigot-1.14.4.jar:git-Spigot-798ea6a-368f4e9]
	at org.bukkit.craftbukkit.v1_14_R1.event.CraftEventFactory.callPlayerInteractEvent(CraftEventFactory.java:429) ~[spigot-1.14.4.jar:git-Spigot-798ea6a-368f4e9]
	at net.minecraft.server.v1_14_R1.PlayerInteractManager.a(PlayerInteractManager.java:432) ~[spigot-1.14.4.jar:git-Spigot-798ea6a-368f4e9]
	at net.minecraft.server.v1_14_R1.PlayerConnection.a(PlayerConnection.java:1238) ~[spigot-1.14.4.jar:git-Spigot-798ea6a-368f4e9]
	at net.minecraft.server.v1_14_R1.PacketPlayInUseItem.a(PacketPlayInUseItem.java:27) ~[spigot-1.14.4.jar:git-Spigot-798ea6a-368f4e9]
	at net.minecraft.server.v1_14_R1.PacketPlayInUseItem.a(PacketPlayInUseItem.java:1) ~[spigot-1.14.4.jar:git-Spigot-798ea6a-368f4e9]
	at net.minecraft.server.v1_14_R1.PlayerConnectionUtils.lambda$0(PlayerConnectionUtils.java:19) ~[spigot-1.14.4.jar:git-Spigot-798ea6a-368f4e9]
	at net.minecraft.server.v1_14_R1.TickTask.run(SourceFile:18) [spigot-1.14.4.jar:git-Spigot-798ea6a-368f4e9]
	at net.minecraft.server.v1_14_R1.IAsyncTaskHandler.executeTask(SourceFile:144) [spigot-1.14.4.jar:git-Spigot-798ea6a-368f4e9]
	at net.minecraft.server.v1_14_R1.IAsyncTaskHandlerReentrant.executeTask(SourceFile:23) [spigot-1.14.4.jar:git-Spigot-798ea6a-368f4e9]
	at net.minecraft.server.v1_14_R1.IAsyncTaskHandler.executeNext(SourceFile:118) [spigot-1.14.4.jar:git-Spigot-798ea6a-368f4e9]
	at net.minecraft.server.v1_14_R1.MinecraftServer.aX(MinecraftServer.java:909) [spigot-1.14.4.jar:git-Spigot-798ea6a-368f4e9]
	at net.minecraft.server.v1_14_R1.MinecraftServer.executeNext(MinecraftServer.java:902) [spigot-1.14.4.jar:git-Spigot-798ea6a-368f4e9]
	at net.minecraft.server.v1_14_R1.IAsyncTaskHandler.awaitTasks(SourceFile:127) [spigot-1.14.4.jar:git-Spigot-798ea6a-368f4e9]
	at net.minecraft.server.v1_14_R1.MinecraftServer.sleepForTick(MinecraftServer.java:886) [spigot-1.14.4.jar:git-Spigot-798ea6a-368f4e9]
	at net.minecraft.server.v1_14_R1.MinecraftServer.run(MinecraftServer.java:819) [spigot-1.14.4.jar:git-Spigot-798ea6a-368f4e9]
	at java.lang.Thread.run(Thread.java:748) [?:1.8.0_201]
Caused by: java.lang.NullPointerException
[08:30:06] [Server thread/INFO]: Stopping the server
[08:30:06] [Server thread/INFO]: Stopping server
[08:30:06] [Server thread/INFO]: [Factions] Disabling Factions v1.6.9.5-U0.2.1-RC-1.6.2-RC-2.5-RC-6
[08:30:06] [Server thread/INFO]: [Factions] [Factions v1.6.9.5-U0.2.1-RC-1.6.2-RC-2.5-RC-6] Disabled
[08:30:07] [Server thread/INFO]: [Essentials] Disabling Essentials v2.17.1.15
[08:30:07] [Server thread/INFO]: [Vault] [Vault][Economy] Essentials Economy unhooked.
[08:30:07] [Server thread/INFO]: [Vault] Disabling Vault v1.7.2-b107
[08:30:07] [Server thread/INFO]: Saving players
[08:30:07] [Server thread/INFO]: noghristealth lost connection: Server closed
[08:30:07] [Server thread/INFO]: noghristealth left the game
[08:30:07] [Server thread/INFO]: Saving worlds
[08:30:07] [Server thread/INFO]: Saving chunks for level 'world'/minecraft:overworld
[08:30:07] [Server thread/INFO]: ThreadedAnvilChunkStorage (world): All chunks are saved
[08:30:07] [Server thread/INFO]: Saving chunks for level 'world_nether'/minecraft:the_nether
[08:30:07] [Server thread/INFO]: ThreadedAnvilChunkStorage (DIM-1): All chunks are saved
[08:30:07] [Server thread/INFO]: Saving chunks for level 'world_the_end'/minecraft:the_end
[08:30:07] [Server thread/INFO]: ThreadedAnvilChunkStorage (DIM1): All chunks are saved
[08:30:07] [Server thread/INFO]: ThreadedAnvilChunkStorage (world): All chunks are saved
[08:30:07] [Server thread/INFO]: ThreadedAnvilChunkStorage (DIM-1): All chunks are saved
[08:30:07] [Server thread/INFO]: ThreadedAnvilChunkStorage (DIM1): All chunks are saved
